SF:lib/main.dart
DA:5,1
DA:6,1
LF:2
LH:2
end_of_record
SF:lib/app.dart
DA:6,1
DA:8,1
DA:10,1
DA:12,1
DA:13,1
LF:5
LH:5
end_of_record
SF:lib/screens/todo_screen.dart
DA:8,1
DA:10,1
DA:11,1
DA:19,1
DA:21,1
DA:22,1
DA:25,1
DA:26,2
DA:27,1
DA:30,2
DA:31,1
DA:32,1
DA:36,1
DA:37,1
DA:40,1
DA:41,1
DA:42,1
DA:43,1
DA:44,1
DA:45,1
DA:52,1
DA:54,1
DA:55,1
DA:56,0
DA:59,1
DA:61,1
DA:62,1
DA:63,1
DA:66,1
DA:67,2
DA:77,1
DA:81,1
DA:85,1
DA:86,2
DA:92,3
DA:94,1
DA:95,1
DA:96,4
DA:97,1
DA:100,1
DA:103,2
DA:104,1
DA:107,2
DA:108,1
DA:112,1
DA:113,1
DA:114,1
DA:115,1
DA:116,4
DA:117,1
DA:120,1
DA:122,2
DA:123,1
DA:126,2
DA:127,1
DA:131,1
DA:132,1
DA:133,4
DA:134,1
DA:135,2
DA:136,1
DA:139,2
DA:140,1
DA:144,1
DA:146,1
DA:147,1
DA:148,1
DA:150,2
DA:153,1
DA:155,2
DA:157,1
DA:158,2
DA:159,1
DA:160,2
DA:161,1
DA:163,2
DA:164,2
DA:165,3
LF:78
LH:77
end_of_record
SF:lib/models/todo_item.dart
DA:4,1
DA:18,1
DA:19,1
DA:20,1
DA:21,1
DA:22,1
DA:23,1
DA:24,0
DA:28,1
DA:29,1
DA:30,1
DA:31,1
DA:32,1
DA:33,2
DA:34,2
DA:38,0
DA:39,0
DA:40,0
DA:41,0
DA:42,0
DA:43,0
DA:44,0
DA:48,0
DA:49,0
DA:51,0
DA:52,0
DA:55,1
DA:57,3
DA:58,1
DA:59,1
LF:30
LH:18
end_of_record
SF:lib/services/todo_storage_service.dart
DA:8,1
DA:9,1
DA:10,1
DA:11,0
DA:12,1
DA:15,0
DA:18,1
DA:19,1
DA:20,2
LF:9
LH:7
end_of_record
SF:lib/widgets/todo_list_item.dart
DA:6,1
DA:19,1
DA:21,1
DA:22,4
DA:23,1
DA:24,4
DA:25,2
DA:26,3
DA:28,1
DA:29,2
DA:30,1
DA:31,2
DA:34,1
DA:36,1
DA:37,1
DA:38,4
DA:40,1
DA:43,1
DA:44,4
DA:46,1
LF:20
LH:20
end_of_record
